<?xml version="1.0" encoding="UTF-8"?>
<testng-results skipped="0" failed="0" total="1" passed="1">
  <reporter-output>
  </reporter-output>
  <suite name="Default suite" duration-ms="4872" started-at="2023-04-29T17:49:55Z" finished-at="2023-04-29T17:50:00Z">
    <groups>
    </groups>
    <test name="Default test" duration-ms="4872" started-at="2023-04-29T17:49:55Z" finished-at="2023-04-29T17:50:00Z">
      <class name="test.AddCustomerTest">
        <test-method status="PASS" signature="userShouldBeAbleToAddCustomer()[pri:0, instance:test.AddCustomerTest@2cfb4a64]" name="userShouldBeAbleToAddCustomer" duration-ms="4865" started-at="2023-04-29T12:49:55Z" finished-at="2023-04-29T12:50:00Z">
          <reporter-output>
          </reporter-output>
        </test-method> <!-- userShouldBeAbleToAddCustomer -->
      </class> <!-- test.AddCustomerTest -->
    </test> <!-- Default test -->
  </suite> <!-- Default suite -->
</testng-results>
